авг. 31, 2022 5:41:54 PM task3.utils.LogUtils setLogInfoForStep
INFO: Step 1: Move to the main page.
авг. 31, 2022 5:41:54 PM task3.utils.LogUtils setLogInfoForActionWithElement
INFO: Show that displayed toolsQALogo
авг. 31, 2022 5:41:54 PM task3.utils.LogUtils setLogInfoForStep
INFO: Step 2: Click 'Widgets' button on the main page. Click 'Date picker' option in the left menu on Widgets page.
авг. 31, 2022 5:41:55 PM task3.utils.LogUtils setLogInfoForActionWithElement
INFO: Click widgetsButton
авг. 31, 2022 5:41:55 PM task3.utils.LogUtils setLogInfoForActionWithElement
INFO: Click datePickerOption
авг. 31, 2022 5:41:55 PM task3.utils.LogUtils setLogInfoForActionWithElement
INFO: Show that displayed datePickerFormHeader
авг. 31, 2022 5:41:55 PM task3.utils.LogUtils setLogInfoForStep
INFO: Step 3: Select the nearest February, 29.
авг. 31, 2022 5:41:55 PM task3.utils.LogUtils setLogInfoForActionWithElement
INFO: Click selectDateField
авг. 31, 2022 5:41:56 PM task3.utils.LogUtils setLogInfoForActionWithElement
INFO: Click monthToSelect
авг. 31, 2022 5:41:56 PM task3.utils.LogUtils setLogInfoForActionWithElement
INFO: Click yearToSelect
авг. 31, 2022 5:41:56 PM task3.utils.LogUtils setLogInfoForActionWithElement
INFO: Click requiredDayInMonth
